[14:58:41] [Client thread/INFO]: Setting user: Player953
[14:58:46] [Client thread/INFO]: LWJGL Version: 2.9.4
[14:58:52] [Client thread/INFO]: Reloading ResourceManager: Default, FMLFileResourcePack:Forge Mod Loader, FMLFileResourcePack:Minecraft Forge
[14:58:53] [Sound Library Loader/INFO]: Starting up SoundSystem...
[14:58:53] [Thread-9/INFO]: Initializing LWJGL OpenAL
[14:58:53] [Thread-9/INFO]: (The LWJGL binding of OpenAL.  For more information, see http://www.lwjgl.org)
[14:58:53] [Thread-9/INFO]: OpenAL initialized.
[14:58:53] [Sound Library Loader/INFO]: Sound engine started
[14:59:06] [Client thread/INFO]: Created: 16x16 textures-atlas
[14:59:08] [Client thread/INFO]: Reloading ResourceManager: Default, FMLFileResourcePack:Forge Mod Loader, FMLFileResourcePack:Minecraft Forge
[14:59:08] [Client thread/INFO]: SoundSystem shutting down...
[14:59:08] [Client thread/WARN]: Author: Paul Lamb, www.paulscode.com
[14:59:08] [Sound Library Loader/INFO]: Starting up SoundSystem...
[14:59:08] [Thread-11/INFO]: Initializing LWJGL OpenAL
[14:59:08] [Thread-11/INFO]: (The LWJGL binding of OpenAL.  For more information, see http://www.lwjgl.org)
[14:59:08] [Thread-11/INFO]: OpenAL initialized.
[14:59:09] [Sound Library Loader/INFO]: Sound engine started
[14:59:21] [Client thread/INFO]: Created: 512x512 textures-atlas
[15:00:09] [Server thread/INFO]: Starting integrated minecraft server version 1.8.9
[15:00:09] [Server thread/INFO]: Generating keypair
[15:00:10] [Server thread/INFO]: Preparing start region for level 0
[15:00:11] [Server thread/INFO]: Changing view distance to 12, from 10
[15:00:13] [Server thread/INFO]: Player953[local:E:13c4bbaa] logged in with entity id 168 at (-95.40080441641373, 6.921599998474121, -238.77302663581298)
[15:00:13] [Server thread/INFO]: Player953 joined the game
[15:00:14] [Server thread/INFO]: Saving and pausing game...
[15:00:15] [Server thread/INFO]: Saving chunks for level 'New World'/Overworld
[15:00:15] [Server thread/INFO]: Saving chunks for level 'New World'/Nether
[15:00:15] [Server thread/INFO]: Saving chunks for level 'New World'/The End
[15:01:10] [Server thread/INFO]: Saving and pausing game...
[15:01:10] [Server thread/INFO]: Saving chunks for level 'New World'/Overworld
[15:01:10] [Server thread/INFO]: Saving chunks for level 'New World'/Nether
[15:01:10] [Server thread/INFO]: Saving chunks for level 'New World'/The End
[15:01:11] [Client thread/INFO]: Stopping!
[15:01:11] [Client thread/INFO]: SoundSystem shutting down...
[15:01:11] [Server thread/INFO]: Stopping server
[15:01:11] [Server thread/INFO]: Saving players
[15:01:11] [Server thread/INFO]: Saving worlds
[15:01:11] [Server thread/INFO]: Saving chunks for level 'New World'/Overworld
[15:01:11] [Server thread/INFO]: Saving chunks for level 'New World'/Nether
[15:01:11] [Server thread/INFO]: Saving chunks for level 'New World'/The End
[15:01:11] [Client thread/WARN]: Author: Paul Lamb, www.paulscode.com
